Arguments: 
  C:\Program Files\nodejs\node.exe C:\Users\dangg\AppData\Roaming\npm\node_modules\yarn\bin\yarn.js add expo-pdf-renderer

PATH: 
  C:\Program Files\Microsoft\jdk-11.0.18.10-hotspot\bin;C:\Windows\system32;C:\Windows;C:\Windows\System32\Wbem;C:\Windows\System32\WindowsPowerShell\v1.0\;C:\Windows\System32\OpenSSH\;C:\Program Files\NVIDIA Corporation\NVIDIA NvDLISR;C:\Program Files (x86)\NVIDIA Corporation\PhysX\Common;C:\Program Files\Git\cmd;C:\ProgramData\chocolatey\bin;C:\Program Files\nodejs\;C:\Users\dangg\AppData\Local\Microsoft\WindowsApps;C:\Users\dangg\AppData\Local\Programs\Microsoft VS Code\bin;C:\Users\dangg\AppData\Roaming\npm;C:\Users\dangg\AppData\Local\Android\Sdk\platform-tools;

Yarn version: 
  1.22.19

Node version: 
  18.15.0

Platform: 
  win32 x64

Trace: 
  Error: https://registry.yarnpkg.com/expo-pdf-renderer: Not found
      at params.callback [as _callback] (C:\Users\dangg\AppData\Roaming\npm\node_modules\yarn\lib\cli.js:66145:18)
      at self.callback (C:\Users\dangg\AppData\Roaming\npm\node_modules\yarn\lib\cli.js:140890:22)
      at Request.emit (node:events:513:28)
      at Request.<anonymous> (C:\Users\dangg\AppData\Roaming\npm\node_modules\yarn\lib\cli.js:141862:10)
      at Request.emit (node:events:513:28)
      at IncomingMessage.<anonymous> (C:\Users\dangg\AppData\Roaming\npm\node_modules\yarn\lib\cli.js:141784:12)
      at Object.onceWrapper (node:events:627:28)
      at IncomingMessage.emit (node:events:525:35)
      at endReadableNT (node:internal/streams/readable:1359:12)
      at process.processTicksAndRejections (node:internal/process/task_queues:82:21)

npm manifest: 
  {
    "name": "mobifoneinvoice",
    "version": "1.0.0",
    "main": "node_modules/expo/AppEntry.js",
    "scripts": {
      "start": "expo start",
      "android": "expo start --android",
      "ios": "expo start --ios",
      "web": "expo start --web"
    },
    "dependencies": {
      "@react-native-async-storage/async-storage": "^1.17.11",
      "@react-native-community/checkbox": "^0.5.14",
      "@react-native-masked-view/masked-view": "^0.2.8",
      "@react-navigation/bottom-tabs": "^6.5.7",
      "@react-navigation/drawer": "^6.6.2",
      "@react-navigation/native": "^6.1.6",
      "@react-navigation/native-stack": "^6.9.12",
      "@react-navigation/stack": "^6.3.16",
      "@types/react": "^18.0.27",
      "axios": "^1.3.5",
      "expo": "~48.0.15",
      "expo-av": "^13.2.1",
      "expo-file-system": "^15.2.2",
      "expo-font": "^11.1.1",
      "expo-media-library": "^15.2.3",
      "expo-print": "^12.2.1",
      "expo-status-bar": "~1.4.4",
      "lodash.filter": "^4.6.0",
      "react": "18.2.0",
      "react-native": "0.71.8",
      "react-native-datepicker": "^1.7.2",
      "react-native-dropdown-select-list": "^2.0.4",
      "react-native-gesture-handler": "^2.9.0",
      "react-native-pdf": "^6.6.2",
      "react-native-permissions": "^3.8.0",
      "react-native-print": "^0.11.0",
      "react-native-reanimated": "^2.14.4",
      "react-native-safe-area-context": "^4.5.0",
      "react-native-screens": "^3.20.0",
      "react-native-vector-icons": "^9.2.0"
    },
    "devDependencies": {
      "@babel/core": "^7.20.0"
    },
    "private": true
  }

yarn manifest: 
  No manifest

Lockfile: 
  No lockfile
